<?xml version="1.0" encoding="UTF-8"?>
<!-- Generated by org.testng.reporters.JUnitReportReporter -->
<testsuite hostname="DESKTOP-OBCUB7G" failures="0" tests="1" name="tests.ClickOnBooksLinkTest" time="4.311" errors="0" timestamp="2023-11-28T03:26:29 EET" skipped="0">
  <testcase classname="tests.ClickOnBooksLinkTest" name="TestOpenBooksLink" time="4.311"/>
</testsuite> <!-- tests.ClickOnBooksLinkTest -->
