<?xml version="1.0" encoding="UTF-8"?>
<!-- Generated by org.testng.reporters.JUnitReportReporter -->
<testsuite hostname="DESKTOP-OBCUB7G" failures="0" tests="5" name="tests.AutomationTaskTest" time="13.681" errors="0" timestamp="2023-11-28T05:38:11 EET" skipped="0">
  <testcase classname="tests.AutomationTaskTest" name="UserCanRegisterToTheApplication" time="2.688"/>
  <testcase classname="tests.AutomationTaskTest" name="UserCanLoginInWithThisEmail" time="1.512"/>
  <testcase classname="tests.AutomationTaskTest" name="UserCanOpenBooksLinkAndChooseHisBook" time="3.778"/>
  <testcase classname="tests.AutomationTaskTest" name="UserCanCheckHisProudctAtHisCart" time="1.810"/>
  <testcase classname="tests.AutomationTaskTest" name="UserCheckOutForHisProductInCart" time="3.893"/>
</testsuite> <!-- tests.AutomationTaskTest -->
